<?xml version='1.0' encoding='UTF-8'?>
<testsuite hostname="Tianshus-Pro.local" name="problems.AdderTests" tests="1" errors="0" failures="0" skipped="0" time="2.132" timestamp="2023-01-25T22:02:02">
          <properties>
[...]
</properties>
          <testcase classname="problems.AdderTests" name="Adder should Perform Addition" time="2.132">
                      
                    </testcase>
          <system-out><![CDATA[]]></system-out>
          <system-err><![CDATA[]]></system-err>
        </testsuite>